<?xml version="1.0" encoding="UTF-8"?>
<!-- Generated by org.testng.reporters.JUnitXMLReporter -->
<testsuite ignored="0" hostname="LTIN273566" failures="0" tests="5" name="Chrome Test" time="135.558" errors="0" timestamp="2024-02-22T12:43:44 IST">
  <testcase classname="testPack.BaseClass" name="userValidation" time="7.833"/>
  <testcase classname="testPack.BaseClass" name="newsTitleValidation" time="1.057"/>
  <testcase classname="testPack.BaseClass" name="newsValidation" time="54.22"/>
  <testcase classname="testPack.BaseClass" name="apps" time="3.933"/>
  <testcase classname="testPack.BaseClass" name="pageValidation" time="0.022"/>
</testsuite> <!-- Chrome Test -->
