<?xml version="1.0" encoding="UTF-8"?>
<testng-results ignored="0" total="5" passed="5" failed="0" skipped="0">
  <reporter-output>
  </reporter-output>
  <suite started-at="2024-02-22T12:41:28 IST" name="Suite" finished-at="2024-02-22T12:43:43 IST" duration-ms="135558">
    <groups>
    </groups>
    <test started-at="2024-02-22T12:41:28 IST" name="Chrome Test" finished-at="2024-02-22T12:43:43 IST" duration-ms="135558">
      <class name="testPack.BaseClass">
        <test-method is-config="true" signature="setup(java.lang.String,java.lang.String)[pri:0, instance:testPack.BaseClass@470734c3]" started-at="2024-02-22T12:41:29 IST" name="setup" finished-at="2024-02-22T12:42:32 IST" duration-ms="63590" status="PASS">
          <params>
            <param index="0">
              <value>
                <![CDATA[chrome]]>
              </value>
            </param>
            <param index="1">
              <value>
                <![CDATA[https://cognizantonline.sharepoint.com/sites/Be.Cognizant/SitePages/Home.aspx]]>
              </value>
            </param>
          </params>
          <reporter-output>
          </reporter-output>
        </test-method> <!-- setup -->
        <test-method signature="userValidation()[pri:1, instance:testPack.BaseClass@470734c3]" started-at="2024-02-22T12:42:32 IST" name="userValidation" finished-at="2024-02-22T12:42:40 IST" duration-ms="7833" status="PASS">
          <reporter-output>
          </reporter-output>
        </test-method> <!-- userValidation -->
        <test-method signature="newsTitleValidation()[pri:2, instance:testPack.BaseClass@470734c3]" started-at="2024-02-22T12:42:41 IST" name="newsTitleValidation" finished-at="2024-02-22T12:42:42 IST" duration-ms="1057" status="PASS">
          <reporter-output>
          </reporter-output>
        </test-method> <!-- newsTitleValidation -->
        <test-method signature="newsValidation()[pri:3, instance:testPack.BaseClass@470734c3]" started-at="2024-02-22T12:42:42 IST" name="newsValidation" finished-at="2024-02-22T12:43:37 IST" duration-ms="54220" status="PASS">
          <reporter-output>
          </reporter-output>
        </test-method> <!-- newsValidation -->
        <test-method signature="apps()[pri:4, instance:testPack.BaseClass@470734c3]" started-at="2024-02-22T12:43:37 IST" name="apps" finished-at="2024-02-22T12:43:41 IST" duration-ms="3933" status="PASS">
          <reporter-output>
          </reporter-output>
        </test-method> <!-- apps -->
        <test-method signature="pageValidation()[pri:5, instance:testPack.BaseClass@470734c3]" started-at="2024-02-22T12:43:41 IST" name="pageValidation" finished-at="2024-02-22T12:43:41 IST" duration-ms="22" status="PASS">
          <reporter-output>
          </reporter-output>
        </test-method> <!-- pageValidation -->
        <test-method is-config="true" signature="tearDown()[pri:0, instance:testPack.BaseClass@470734c3]" started-at="2024-02-22T12:43:42 IST" name="tearDown" finished-at="2024-02-22T12:43:43 IST" duration-ms="1439" status="PASS">
          <reporter-output>
          </reporter-output>
        </test-method> <!-- tearDown -->
      </class> <!-- testPack.BaseClass -->
    </test> <!-- Chrome Test -->
  </suite> <!-- Suite -->
</testng-results>
